<?xml version="1.0" encoding="UTF-8"?>
<!-- Generated by org.testng.reporters.JUnitReportReporter -->
<testsuite hostname="user-PC" name="com.library.TestNgSample" tests="2" failures="0" timestamp="19 Aug 2017 13:15:12 GMT" time="0.014" errors="0">
  <testcase name="sampletest" time="0.012" classname="com.library.TestNgSample"/>
  <testcase name="a" time="0.002" classname="com.library.TestNgSample"/>
</testsuite> <!-- com.library.TestNgSample -->
